<?xml version="1.0" encoding="UTF-8"?>
<!-- Generated by org.testng.reporters.JUnitReportReporter -->
<testsuite hostname="Tushar" failures="0" tests="1" name="com.it.bd.NavigateCommandExamples" time="86.592" errors="0" timestamp="2025-04-04T19:35:29 BDT" skipped="0">
  <testcase classname="com.it.bd.NavigateCommandExamples" name="navigateTest" time="86.592"/>
</testsuite> <!-- com.it.bd.NavigateCommandExamples -->
