<?xml version="1.0" encoding="UTF-8"?>
<!-- Generated by org.testng.reporters.JUnitReportReporter -->
<testsuite hostname="Tushar" failures="0" tests="1" name="com.it.bd.BrowserCommandExamples" time="28.650" errors="0" timestamp="2025-04-04T20:00:02 BDT" skipped="0">
  <testcase classname="com.it.bd.BrowserCommandExamples" name="browserCommandTest" time="28.650"/>
</testsuite> <!-- com.it.bd.BrowserCommandExamples -->
