<?xml version="1.0" encoding="UTF-8"?>
<!-- Generated by org.testng.reporters.JUnitReportReporter -->
<testsuite hostname="Tushar" failures="0" tests="1" name="com.it.bd.VisibilityExamples" time="7.833" errors="0" timestamp="2025-04-06T22:25:04 BDT" skipped="0">
  <testcase classname="com.it.bd.VisibilityExamples" name="is_visible" time="7.833"/>
</testsuite> <!-- com.it.bd.VisibilityExamples -->
