<?xml version="1.0" encoding="UTF-8"?>
<!-- Generated by org.testng.reporters.JUnitReportReporter -->
<testsuite hostname="Tushar" failures="0" tests="1" name="com.it.bd.TestNGExamples" time="0.016" errors="0" timestamp="2025-04-01T12:10:39 BDT" skipped="0">
  <testcase classname="com.it.bd.TestNGExamples" name="TestExample" time="0.016"/>
</testsuite> <!-- com.it.bd.TestNGExamples -->
