<?xml version="1.0" encoding="UTF-8"?>
<!-- Generated by org.testng.reporters.JUnitReportReporter -->
<testsuite hostname="Tushar" failures="0" tests="1" name="com.it.bd.iFrameExamples" time="25.136" errors="0" timestamp="2025-04-05T23:49:23 BDT" skipped="0">
  <testcase classname="com.it.bd.iFrameExamples" name="FirstExample" time="25.136"/>
</testsuite> <!-- com.it.bd.iFrameExamples -->
