<?xml version="1.0" encoding="UTF-8"?>
<!-- Generated by org.testng.reporters.JUnitReportReporter -->
<testsuite hostname="Tushar" failures="0" tests="1" name="com.it.bd.AlertExamples" time="45.116" errors="0" timestamp="2025-04-04T21:30:59 BDT" skipped="0">
  <testcase classname="com.it.bd.AlertExamples" name="alertTest" time="45.116"/>
</testsuite> <!-- com.it.bd.AlertExamples -->
