<?xml version="1.0" encoding="UTF-8"?>
<!-- Generated by org.testng.reporters.JUnitReportReporter -->
<testsuite hostname="Tushar" failures="0" tests="1" name="com.it.bd.FirstAutomation" time="7.110" errors="0" timestamp="2025-04-01T01:12:06 BDT" skipped="0">
  <testcase classname="com.it.bd.FirstAutomation" name="openUrl" time="7.110"/>
</testsuite> <!-- com.it.bd.FirstAutomation -->
