<?xml version="1.0" encoding="UTF-8"?>
<!-- Generated by org.testng.reporters.JUnitReportReporter -->
<testsuite hostname="Tushar" failures="0" tests="1" name="com.it.bd.TabWindowHandling" time="44.843" errors="0" timestamp="2025-04-06T10:21:42 BDT" skipped="0">
  <testcase classname="com.it.bd.TabWindowHandling" name="TabTest" time="44.843"/>
</testsuite> <!-- com.it.bd.TabWindowHandling -->
